Module for Miniconda3, version 24.7.1-0 loaded
INFO:albumentations.check_version:A new version of Albumentations is available: 2.0.8 (you have 1.4.11). Upgrade using: pip install --upgrade albumentations
[rank: 0] Global seed set to 2022
Some weights of AerialSegmenter were not initialized from the model checkpoint at nvidia/mit-b5 and are newly initialized: ['decode_head.batch_norm.bias', 'decode_head.batch_norm.num_batches_tracked', 'decode_head.batch_norm.running_mean', 'decode_head.batch_norm.running_var', 'decode_head.batch_norm.weight', 'decode_head.classifier.bias', 'decode_head.classifier.weight', 'decode_head.linear_c.0.proj.bias', 'decode_head.linear_c.0.proj.weight', 'decode_head.linear_c.1.proj.bias', 'decode_head.linear_c.1.proj.weight', 'decode_head.linear_c.2.proj.bias', 'decode_head.linear_c.2.proj.weight', 'decode_head.linear_c.3.proj.bias', 'decode_head.linear_c.3.proj.weight', 'decode_head.linear_fuse.weight']
You should probably TRAIN this model on a down-stream task to be able to use it for predictions and inference.
Some weights of AerialSegmenter were not initialized from the model checkpoint at nvidia/mit-b5 and are newly initialized because the shapes did not match:
- segformer.encoder.patch_embeddings.0.proj.weight: found shape torch.Size([64, 3, 7, 7]) in the checkpoint and torch.Size([64, 5, 7, 7]) in the model instantiated
You should probably TRAIN this model on a down-stream task to be able to use it for predictions and inference.
GPU available: True (cuda), used: True
TPU available: False, using: 0 TPU cores
IPU available: False, using: 0 IPUs
HPU available: False, using: 0 HPUs
Missing logger folder: /bigwork/nhgnkany/Results/LCC_SITS_Aer_MaxViT_HR_ConvFormer_LR_FM_NS_SM/results-trial-1/maxvit-convformer-seg/tensorboard_logs_maxvit-convformer-seg
LOCAL_RANK: 0 - CUDA_VISIBLE_DEVICES: [0]

  | Name          | Type                | Params
------------------------------------------------------
0 | model         | SITSAerialSegmenter | 118 M 
1 | criterion     | ModuleList          | 0     
2 | train_metrics | MetricCollection    | 0     
3 | val_metrics   | MetricCollection    | 0     
4 | train_loss    | MeanMetric          | 0     
5 | val_loss      | MeanMetric          | 0     
------------------------------------------------------
118 M     Trainable params
0         Non-trainable params
118 M     Total params
473.835   Total estimated model params size (MB)
SLURM auto-requeueing enabled. Setting signal handlers.
LOCAL_RANK: 0 - CUDA_VISIBLE_DEVICES: [0]
SLURM auto-requeueing enabled. Setting signal handlers.
